<?xml version="1.0" encoding="UTF-8"?>
<testsuite xmlns:xsi="http://www.w3.org/2001/XMLSchema-instance" xsi:noNamespaceSchemaLocation="https://maven.apache.org/surefire/maven-surefire-plugin/xsd/surefire-test-report-3.0.xsd" version="3.0" name="SudokuBoardTest" time="0.076" tests="15" errors="15" skipped="0" failures="0">
  <properties>
    <property name="java.specification.version" value="15"/>
    <property name="sun.cpu.isalist" value="amd64"/>
    <property name="sun.jnu.encoding" value="Cp1250"/>
    <property name="java.class.path" value="C:\Users\wszystko_ok\Desktop\sudokuSomeIdea\Model\target\test-classes;C:\Users\wszystko_ok\.m2\repository\org\junit\jupiter\junit-jupiter-api\5.7.1\junit-jupiter-api-5.7.1.jar;C:\Users\wszystko_ok\.m2\repository\org\apiguardian\apiguardian-api\1.1.0\apiguardian-api-1.1.0.jar;C:\Users\wszystko_ok\.m2\repository\org\opentest4j\opentest4j\1.2.0\opentest4j-1.2.0.jar;C:\Users\wszystko_ok\.m2\repository\org\junit\platform\junit-platform-commons\1.7.1\junit-platform-commons-1.7.1.jar;C:\Users\wszystko_ok\.m2\repository\org\junit\jupiter\junit-jupiter-params\5.7.1\junit-jupiter-params-5.7.1.jar;C:\Users\wszystko_ok\.m2\repository\org\junit\jupiter\junit-jupiter-engine\5.7.1\junit-jupiter-engine-5.7.1.jar;C:\Users\wszystko_ok\.m2\repository\org\junit\platform\junit-platform-engine\1.7.1\junit-platform-engine-1.7.1.jar;"/>
    <property name="java.vm.vendor" value="Amazon.com Inc."/>
    <property name="sun.arch.data.model" value="64"/>
    <property name="user.variant" value=""/>
    <property name="java.vendor.url" value="https://aws.amazon.com/corretto/"/>
    <property name="user.timezone" value="Europe/Warsaw"/>
    <property name="os.name" value="Windows 10"/>
    <property name="java.vm.specification.version" value="15"/>
    <property name="sun.java.launcher" value="SUN_STANDARD"/>
    <property name="user.country" value="PL"/>
    <property name="sun.boot.library.path" value="C:\Users\wszystko_ok\.jdks\corretto-15.0.2\bin"/>
    <property name="sun.java.command" value="org.apache.maven.surefire.booter.ForkedBooter C:\Users\wszystko_ok\AppData\Local\Temp\surefire3494981270011047622 2021-05-24T21-27-58_523-jvmRun1 surefire6177368854680944857tmp surefire_012699447968329973787tmp"/>
    <property name="jdk.debug" value="release"/>
    <property name="surefire.test.class.path" value="C:\Users\wszystko_ok\Desktop\sudokuSomeIdea\Model\target\test-classes;C:\Users\wszystko_ok\.m2\repository\org\junit\jupiter\junit-jupiter-api\5.7.1\junit-jupiter-api-5.7.1.jar;C:\Users\wszystko_ok\.m2\repository\org\apiguardian\apiguardian-api\1.1.0\apiguardian-api-1.1.0.jar;C:\Users\wszystko_ok\.m2\repository\org\opentest4j\opentest4j\1.2.0\opentest4j-1.2.0.jar;C:\Users\wszystko_ok\.m2\repository\org\junit\platform\junit-platform-commons\1.7.1\junit-platform-commons-1.7.1.jar;C:\Users\wszystko_ok\.m2\repository\org\junit\jupiter\junit-jupiter-params\5.7.1\junit-jupiter-params-5.7.1.jar;C:\Users\wszystko_ok\.m2\repository\org\junit\jupiter\junit-jupiter-engine\5.7.1\junit-jupiter-engine-5.7.1.jar;C:\Users\wszystko_ok\.m2\repository\org\junit\platform\junit-platform-engine\1.7.1\junit-platform-engine-1.7.1.jar;"/>
    <property name="sun.cpu.endian" value="little"/>
    <property name="user.home" value="C:\Users\wszystko_ok"/>
    <property name="user.language" value="pl"/>
    <property name="java.specification.vendor" value="Oracle Corporation"/>
    <property name="jdk.module.path" value="C:\Users\wszystko_ok\Desktop\sudokuSomeIdea\Model\target\classes;C:\Users\wszystko_ok\.m2\repository\org\apache\commons\commons-lang3\3.1\commons-lang3-3.1.jar"/>
    <property name="java.version.date" value="2021-01-19"/>
    <property name="java.home" value="C:\Users\wszystko_ok\.jdks\corretto-15.0.2"/>
    <property name="file.separator" value="\"/>
    <property name="basedir" value="C:\Users\wszystko_ok\Desktop\sudokuSomeIdea\Model"/>
    <property name="java.vm.compressedOopsMode" value="32-bit"/>
    <property name="line.separator" value="&#10;"/>
    <property name="java.vm.specification.vendor" value="Oracle Corporation"/>
    <property name="java.specification.name" value="Java Platform API Specification"/>
    <property name="surefire.real.class.path" value="C:\Users\wszystko_ok\.m2\repository\org\apache\maven\surefire\surefire-booter\3.0.0-M5\surefire-booter-3.0.0-M5.jar;C:\Users\wszystko_ok\.m2\repository\org\apache\maven\surefire\surefire-api\3.0.0-M5\surefire-api-3.0.0-M5.jar;C:\Users\wszystko_ok\.m2\repository\org\apache\maven\surefire\surefire-logger-api\3.0.0-M5\surefire-logger-api-3.0.0-M5.jar;C:\Users\wszystko_ok\.m2\repository\org\apache\maven\surefire\surefire-shared-utils\3.0.0-M4\surefire-shared-utils-3.0.0-M4.jar;C:\Users\wszystko_ok\.m2\repository\org\apache\maven\surefire\surefire-extensions-spi\3.0.0-M5\surefire-extensions-spi-3.0.0-M5.jar;C:\Users\wszystko_ok\Desktop\sudokuSomeIdea\Model\target\test-classes;C:\Users\wszystko_ok\.m2\repository\org\junit\jupiter\junit-jupiter-api\5.7.1\junit-jupiter-api-5.7.1.jar;C:\Users\wszystko_ok\.m2\repository\org\apiguardian\apiguardian-api\1.1.0\apiguardian-api-1.1.0.jar;C:\Users\wszystko_ok\.m2\repository\org\opentest4j\opentest4j\1.2.0\opentest4j-1.2.0.jar;C:\Users\wszystko_ok\.m2\repository\org\junit\platform\junit-platform-commons\1.7.1\junit-platform-commons-1.7.1.jar;C:\Users\wszystko_ok\.m2\repository\org\junit\jupiter\junit-jupiter-params\5.7.1\junit-jupiter-params-5.7.1.jar;C:\Users\wszystko_ok\.m2\repository\org\junit\jupiter\junit-jupiter-engine\5.7.1\junit-jupiter-engine-5.7.1.jar;C:\Users\wszystko_ok\.m2\repository\org\junit\platform\junit-platform-engine\1.7.1\junit-platform-engine-1.7.1.jar;C:\Users\wszystko_ok\.m2\repository\org\apache\maven\surefire\surefire-junit-platform\3.0.0-M5\surefire-junit-platform-3.0.0-M5.jar;C:\Users\wszystko_ok\.m2\repository\org\apache\maven\surefire\common-java5\3.0.0-M5\common-java5-3.0.0-M5.jar;C:\Users\wszystko_ok\.m2\repository\org\junit\platform\junit-platform-launcher\1.7.1\junit-platform-launcher-1.7.1.jar"/>
    <property name="user.script" value=""/>
    <property name="sun.management.compiler" value="HotSpot 64-Bit Tiered Compilers"/>
    <property name="java.runtime.version" value="15.0.2+7"/>
    <property name="user.name" value="wszystko_ok"/>
    <property name="path.separator" value=";"/>
    <property name="os.version" value="10.0"/>
    <property name="java.runtime.name" value="OpenJDK Runtime Environment"/>
    <property name="file.encoding" value="Cp1250"/>
    <property name="java.vm.name" value="OpenJDK 64-Bit Server VM"/>
    <property name="java.vendor.version" value="Corretto-15.0.2.7.1"/>
    <property name="localRepository" value="C:\Users\wszystko_ok\.m2\repository"/>
    <property name="java.vendor.url.bug" value="https://github.com/corretto/corretto-jdk/issues/"/>
    <property name="java.io.tmpdir" value="C:\Users\WSZYST~1\AppData\Local\Temp\"/>
    <property name="idea.version" value="2020.3.2"/>
    <property name="java.version" value="15.0.2"/>
    <property name="user.dir" value="C:\Users\wszystko_ok\Desktop\sudokuSomeIdea\Model"/>
    <property name="os.arch" value="amd64"/>
    <property name="java.vm.specification.name" value="Java Virtual Machine Specification"/>
    <property name="sun.os.patch.level" value=""/>
    <property name="java.library.path" value="C:\Users\wszystko_ok\.jdks\corretto-15.0.2\bin;C:\Windows\Sun\Java\bin;C:\Windows\system32;C:\Windows;C:\Program Files\Common Files\Oracle\Java\javapath;C:\ProgramData\Oracle\Java\javapath;C:\Windows\system32;C:\Windows;C:\Windows\System32\Wbem;C:\Windows\System32\WindowsPowerShell\v1.0\;C:\Windows\System32\OpenSSH\;C:\Program Files\CodeBlocks\MinGW\bin;C:\Program Files\TortoiseGit\bin;C;C:\Program Files\Git\cmd;JAVA_HOME\bin;C:\env\apache-maven-3.6.3-bin\apache-maven-3.6.3\bin;MAVEN_HOME\bin;C:\Program Files\dotnet\;C:\Program Files\Microsoft SQL Server\130\Tools\Binn\;C:\Ruby27-x64\bin;C:\Program Files\Microsoft SQL Server\Client SDK\ODBC\170\Tools\Binn\;C:\Program Files (x86)\Microsoft SQL Server\150\Tools\Binn\;C:\Program Files\Microsoft SQL Server\150\Tools\Binn\;C:\Program Files\Microsoft SQL Server\150\DTS\Binn\;C:\Program Files (x86)\Microsoft SQL Server\150\DTS\Binn\;C:\Program Files\Azure Data Studio\bin;C:\Ruby27-x64\bin;C:\Users\wszystko_ok\AppData\Local\Microsoft\WindowsApps;C:\Users\wszystko_ok\AppData\Local\GitHubDesktop\bin;C:\Users\wszystko_ok\.dotnet\tools;C:\Users\wszystko_ok\AppData\Local\atom\bin;C:\Program Files\Azure Data Studio\bin;C:\Users\wszystko_ok\AppData\Local\Programs\Microsoft VS Code\bin;."/>
    <property name="java.vm.info" value="mixed mode"/>
    <property name="java.vendor" value="Amazon.com Inc."/>
    <property name="java.vm.version" value="15.0.2+7"/>
    <property name="sun.io.unicode.encoding" value="UnicodeLittle"/>
    <property name="java.class.version" value="59.0"/>
  </properties>
  <testcase name="testTwoConsecutiveBoardsAlignment" classname="SudokuBoardTest" time="0.002">
    <error type="java.lang.IllegalAccessError"><![CDATA[java.lang.IllegalAccessError: class SudokuBoardTest (in unnamed module @0x29ca901e) cannot access class sdk.SudokuBoard (in module Model) because module Model does not export sdk to unnamed module @0x29ca901e
	at SudokuBoardTest.testTwoConsecutiveBoardsAlignment(SudokuBoardTest.java:33)
]]></error>
  </testcase>
  <testcase name="testBoardDigitsAlignment" classname="SudokuBoardTest" time="0.004">
    <error type="java.lang.IllegalAccessError"><![CDATA[java.lang.IllegalAccessError: class SudokuBoardTest (in unnamed module @0x29ca901e) cannot access class sdk.SudokuBoard (in module Model) because module Model does not export sdk to unnamed module @0x29ca901e
	at SudokuBoardTest.testBoardDigitsAlignment(SudokuBoardTest.java:17)
]]></error>
  </testcase>
  <testcase name="testCorrectnessOfVerifyMethodSudokuBoard" classname="SudokuBoardTest" time="0.003">
    <error type="java.lang.IllegalAccessError"><![CDATA[java.lang.IllegalAccessError: class SudokuBoardTest (in unnamed module @0x29ca901e) cannot access class sdk.SudokuBoard (in module Model) because module Model does not export sdk to unnamed module @0x29ca901e
	at SudokuBoardTest.testCorrectnessOfVerifyMethodSudokuBoard(SudokuBoardTest.java:116)
]]></error>
  </testcase>
  <testcase name="testSudokuBoardEqualsMethodNullValueExpectedFalse" classname="SudokuBoardTest" time="0.003">
    <error type="java.lang.IllegalAccessError"><![CDATA[java.lang.IllegalAccessError: class SudokuBoardTest (in unnamed module @0x29ca901e) cannot access class sdk.SudokuBoard (in module Model) because module Model does not export sdk to unnamed module @0x29ca901e
	at SudokuBoardTest.testSudokuBoardEqualsMethodNullValueExpectedFalse(SudokuBoardTest.java:141)
]]></error>
  </testcase>
  <testcase name="testEqualsMethodDifferentClassExpectedFalse" classname="SudokuBoardTest" time="0.001">
    <error type="java.lang.IllegalAccessError"><![CDATA[java.lang.IllegalAccessError: class SudokuBoardTest (in unnamed module @0x29ca901e) cannot access class sdk.SudokuBoard (in module Model) because module Model does not export sdk to unnamed module @0x29ca901e
	at SudokuBoardTest.testEqualsMethodDifferentClassExpectedFalse(SudokuBoardTest.java:92)
]]></error>
  </testcase>
  <testcase name="testHashCodeMethod" classname="SudokuBoardTest" time="0.003">
    <error type="java.lang.IllegalAccessError"><![CDATA[java.lang.IllegalAccessError: class SudokuBoardTest (in unnamed module @0x29ca901e) cannot access class sdk.SudokuBoard (in module Model) because module Model does not export sdk to unnamed module @0x29ca901e
	at SudokuBoardTest.testHashCodeMethod(SudokuBoardTest.java:74)
]]></error>
  </testcase>
  <testcase name="testIfRandomizeHintsGiveExactNumberOfHints" classname="SudokuBoardTest" time="0.003">
    <error type="java.lang.IllegalAccessError"><![CDATA[java.lang.IllegalAccessError: class SudokuBoardTest (in unnamed module @0x29ca901e) cannot access class sdk.SudokuBoard (in module Model) because module Model does not export sdk to unnamed module @0x29ca901e
	at SudokuBoardTest.testIfRandomizeHintsGiveExactNumberOfHints(SudokuBoardTest.java:99)
]]></error>
  </testcase>
  <testcase name="testSudokuBoardEqualsMethodDifferentObjectsExpectedFalse" classname="SudokuBoardTest" time="0.001">
    <error type="java.lang.IllegalAccessError"><![CDATA[java.lang.IllegalAccessError: class SudokuBoardTest (in unnamed module @0x29ca901e) cannot access class sdk.SudokuBoard (in module Model) because module Model does not export sdk to unnamed module @0x29ca901e
	at SudokuBoardTest.testSudokuBoardEqualsMethodDifferentObjectsExpectedFalse(SudokuBoardTest.java:153)
]]></error>
  </testcase>
  <testcase name="testEqualsMethodNullValueExpectedFalse" classname="SudokuBoardTest" time="0.001">
    <error type="java.lang.IllegalAccessError"><![CDATA[java.lang.IllegalAccessError: class SudokuBoardTest (in unnamed module @0x29ca901e) cannot access class sdk.SudokuBoard (in module Model) because module Model does not export sdk to unnamed module @0x29ca901e
	at SudokuBoardTest.testEqualsMethodNullValueExpectedFalse(SudokuBoardTest.java:86)
]]></error>
  </testcase>
  <testcase name="testSudokuBoardCheckboardMethodCase3ExpectedFalse" classname="SudokuBoardTest" time="0.001">
    <error type="java.lang.IllegalAccessError"><![CDATA[java.lang.IllegalAccessError: class SudokuBoardTest (in unnamed module @0x29ca901e) cannot access class sdk.SudokuBoard (in module Model) because module Model does not export sdk to unnamed module @0x29ca901e
	at SudokuBoardTest.testSudokuBoardCheckboardMethodCase3ExpectedFalse(SudokuBoardTest.java:132)
]]></error>
  </testcase>
  <testcase name="testSudokuBoardEqualsMethodDifferentClassExpectedFalse" classname="SudokuBoardTest" time="0.001">
    <error type="java.lang.IllegalAccessError"><![CDATA[java.lang.IllegalAccessError: class SudokuBoardTest (in unnamed module @0x29ca901e) cannot access class sdk.SudokuBoard (in module Model) because module Model does not export sdk to unnamed module @0x29ca901e
	at SudokuBoardTest.testSudokuBoardEqualsMethodDifferentClassExpectedFalse(SudokuBoardTest.java:160)
]]></error>
  </testcase>
  <testcase name="testSudokuBoardEqualsMethodSameObjectExpectedTrue" classname="SudokuBoardTest" time="0.001">
    <error type="java.lang.IllegalAccessError"><![CDATA[java.lang.IllegalAccessError: class SudokuBoardTest (in unnamed module @0x29ca901e) cannot access class sdk.SudokuBoard (in module Model) because module Model does not export sdk to unnamed module @0x29ca901e
	at SudokuBoardTest.testSudokuBoardEqualsMethodSameObjectExpectedTrue(SudokuBoardTest.java:147)
]]></error>
  </testcase>
  <testcase name="testSudokuBoardCheckboardMethodCase1ExpectedFalse" classname="SudokuBoardTest" time="0.001">
    <error type="java.lang.IllegalAccessError"><![CDATA[java.lang.IllegalAccessError: class SudokuBoardTest (in unnamed module @0x29ca901e) cannot access class sdk.SudokuBoard (in module Model) because module Model does not export sdk to unnamed module @0x29ca901e
	at SudokuBoardTest.testSudokuBoardCheckboardMethodCase1ExpectedFalse(SudokuBoardTest.java:123)
]]></error>
  </testcase>
  <testcase name="testEqualsMethodExpectedTrue" classname="SudokuBoardTest" time="0.001">
    <error type="java.lang.IllegalAccessError"><![CDATA[java.lang.IllegalAccessError: class SudokuBoardTest (in unnamed module @0x29ca901e) cannot access class sdk.SudokuBoard (in module Model) because module Model does not export sdk to unnamed module @0x29ca901e
	at SudokuBoardTest.testEqualsMethodExpectedTrue(SudokuBoardTest.java:80)
]]></error>
  </testcase>
  <testcase name="testToStringMethod" classname="SudokuBoardTest" time="0.001">
    <error type="java.lang.IllegalAccessError"><![CDATA[java.lang.IllegalAccessError: class SudokuBoardTest (in unnamed module @0x29ca901e) cannot access class sdk.SudokuBoard (in module Model) because module Model does not export sdk to unnamed module @0x29ca901e
	at SudokuBoardTest.testToStringMethod(SudokuBoardTest.java:67)
]]></error>
  </testcase>
</testsuite>