<?xml version="1.0" encoding="UTF-8"?>
<testsuite xmlns:xsi="http://www.w3.org/2001/XMLSchema-instance" xsi:noNamespaceSchemaLocation="https://maven.apache.org/surefire/maven-surefire-plugin/xsd/surefire-test-report-3.0.xsd" version="3.0" name="SudokuBoardTest" time="0.076" tests="15" errors="15" skipped="0" failures="0">
  <properties>
[...]
</properties>
  <testcase name="testTwoConsecutiveBoardsAlignment" classname="SudokuBoardTest" time="0.002">
    <error type="java.lang.IllegalAccessError"><![CDATA[java.lang.IllegalAccessError: class SudokuBoardTest (in unnamed module @0x29ca901e) cannot access class sdk.SudokuBoard (in module Model) because module Model does not export sdk to unnamed module @0x29ca901e
	at SudokuBoardTest.testTwoConsecutiveBoardsAlignment(SudokuBoardTest.java:33)
]]></error>
  </testcase>
  <testcase name="testBoardDigitsAlignment" classname="SudokuBoardTest" time="0.004">
    <error type="java.lang.IllegalAccessError"><![CDATA[java.lang.IllegalAccessError: class SudokuBoardTest (in unnamed module @0x29ca901e) cannot access class sdk.SudokuBoard (in module Model) because module Model does not export sdk to unnamed module @0x29ca901e
	at SudokuBoardTest.testBoardDigitsAlignment(SudokuBoardTest.java:17)
]]></error>
  </testcase>
  <testcase name="testCorrectnessOfVerifyMethodSudokuBoard" classname="SudokuBoardTest" time="0.003">
    <error type="java.lang.IllegalAccessError"><![CDATA[java.lang.IllegalAccessError: class SudokuBoardTest (in unnamed module @0x29ca901e) cannot access class sdk.SudokuBoard (in module Model) because module Model does not export sdk to unnamed module @0x29ca901e
	at SudokuBoardTest.testCorrectnessOfVerifyMethodSudokuBoard(SudokuBoardTest.java:116)
]]></error>
  </testcase>
  <testcase name="testSudokuBoardEqualsMethodNullValueExpectedFalse" classname="SudokuBoardTest" time="0.003">
    <error type="java.lang.IllegalAccessError"><![CDATA[java.lang.IllegalAccessError: class SudokuBoardTest (in unnamed module @0x29ca901e) cannot access class sdk.SudokuBoard (in module Model) because module Model does not export sdk to unnamed module @0x29ca901e
	at SudokuBoardTest.testSudokuBoardEqualsMethodNullValueExpectedFalse(SudokuBoardTest.java:141)
]]></error>
  </testcase>
  <testcase name="testEqualsMethodDifferentClassExpectedFalse" classname="SudokuBoardTest" time="0.001">
    <error type="java.lang.IllegalAccessError"><![CDATA[java.lang.IllegalAccessError: class SudokuBoardTest (in unnamed module @0x29ca901e) cannot access class sdk.SudokuBoard (in module Model) because module Model does not export sdk to unnamed module @0x29ca901e
	at SudokuBoardTest.testEqualsMethodDifferentClassExpectedFalse(SudokuBoardTest.java:92)
]]></error>
  </testcase>
  <testcase name="testHashCodeMethod" classname="SudokuBoardTest" time="0.003">
    <error type="java.lang.IllegalAccessError"><![CDATA[java.lang.IllegalAccessError: class SudokuBoardTest (in unnamed module @0x29ca901e) cannot access class sdk.SudokuBoard (in module Model) because module Model does not export sdk to unnamed module @0x29ca901e
	at SudokuBoardTest.testHashCodeMethod(SudokuBoardTest.java:74)
]]></error>
  </testcase>
  <testcase name="testIfRandomizeHintsGiveExactNumberOfHints" classname="SudokuBoardTest" time="0.003">
    <error type="java.lang.IllegalAccessError"><![CDATA[java.lang.IllegalAccessError: class SudokuBoardTest (in unnamed module @0x29ca901e) cannot access class sdk.SudokuBoard (in module Model) because module Model does not export sdk to unnamed module @0x29ca901e
	at SudokuBoardTest.testIfRandomizeHintsGiveExactNumberOfHints(SudokuBoardTest.java:99)
]]></error>
  </testcase>
  <testcase name="testSudokuBoardEqualsMethodDifferentObjectsExpectedFalse" classname="SudokuBoardTest" time="0.001">
    <error type="java.lang.IllegalAccessError"><![CDATA[java.lang.IllegalAccessError: class SudokuBoardTest (in unnamed module @0x29ca901e) cannot access class sdk.SudokuBoard (in module Model) because module Model does not export sdk to unnamed module @0x29ca901e
	at SudokuBoardTest.testSudokuBoardEqualsMethodDifferentObjectsExpectedFalse(SudokuBoardTest.java:153)
]]></error>
  </testcase>
  <testcase name="testEqualsMethodNullValueExpectedFalse" classname="SudokuBoardTest" time="0.001">
    <error type="java.lang.IllegalAccessError"><![CDATA[java.lang.IllegalAccessError: class SudokuBoardTest (in unnamed module @0x29ca901e) cannot access class sdk.SudokuBoard (in module Model) because module Model does not export sdk to unnamed module @0x29ca901e
	at SudokuBoardTest.testEqualsMethodNullValueExpectedFalse(SudokuBoardTest.java:86)
]]></error>
  </testcase>
  <testcase name="testSudokuBoardCheckboardMethodCase3ExpectedFalse" classname="SudokuBoardTest" time="0.001">
    <error type="java.lang.IllegalAccessError"><![CDATA[java.lang.IllegalAccessError: class SudokuBoardTest (in unnamed module @0x29ca901e) cannot access class sdk.SudokuBoard (in module Model) because module Model does not export sdk to unnamed module @0x29ca901e
	at SudokuBoardTest.testSudokuBoardCheckboardMethodCase3ExpectedFalse(SudokuBoardTest.java:132)
]]></error>
  </testcase>
  <testcase name="testSudokuBoardEqualsMethodDifferentClassExpectedFalse" classname="SudokuBoardTest" time="0.001">
    <error type="java.lang.IllegalAccessError"><![CDATA[java.lang.IllegalAccessError: class SudokuBoardTest (in unnamed module @0x29ca901e) cannot access class sdk.SudokuBoard (in module Model) because module Model does not export sdk to unnamed module @0x29ca901e
	at SudokuBoardTest.testSudokuBoardEqualsMethodDifferentClassExpectedFalse(SudokuBoardTest.java:160)
]]></error>
  </testcase>
  <testcase name="testSudokuBoardEqualsMethodSameObjectExpectedTrue" classname="SudokuBoardTest" time="0.001">
    <error type="java.lang.IllegalAccessError"><![CDATA[java.lang.IllegalAccessError: class SudokuBoardTest (in unnamed module @0x29ca901e) cannot access class sdk.SudokuBoard (in module Model) because module Model does not export sdk to unnamed module @0x29ca901e
	at SudokuBoardTest.testSudokuBoardEqualsMethodSameObjectExpectedTrue(SudokuBoardTest.java:147)
]]></error>
  </testcase>
  <testcase name="testSudokuBoardCheckboardMethodCase1ExpectedFalse" classname="SudokuBoardTest" time="0.001">
    <error type="java.lang.IllegalAccessError"><![CDATA[java.lang.IllegalAccessError: class SudokuBoardTest (in unnamed module @0x29ca901e) cannot access class sdk.SudokuBoard (in module Model) because module Model does not export sdk to unnamed module @0x29ca901e
	at SudokuBoardTest.testSudokuBoardCheckboardMethodCase1ExpectedFalse(SudokuBoardTest.java:123)
]]></error>
  </testcase>
  <testcase name="testEqualsMethodExpectedTrue" classname="SudokuBoardTest" time="0.001">
    <error type="java.lang.IllegalAccessError"><![CDATA[java.lang.IllegalAccessError: class SudokuBoardTest (in unnamed module @0x29ca901e) cannot access class sdk.SudokuBoard (in module Model) because module Model does not export sdk to unnamed module @0x29ca901e
	at SudokuBoardTest.testEqualsMethodExpectedTrue(SudokuBoardTest.java:80)
]]></error>
  </testcase>
  <testcase name="testToStringMethod" classname="SudokuBoardTest" time="0.001">
    <error type="java.lang.IllegalAccessError"><![CDATA[java.lang.IllegalAccessError: class SudokuBoardTest (in unnamed module @0x29ca901e) cannot access class sdk.SudokuBoard (in module Model) because module Model does not export sdk to unnamed module @0x29ca901e
	at SudokuBoardTest.testToStringMethod(SudokuBoardTest.java:67)
]]></error>
  </testcase>
</testsuite>